<?xml version="1.0" encoding="UTF-8"?>
<!-- Generated by org.testng.reporters.JUnitXMLReporter -->
<testsuite ignored="2" hostname="LAPTOP-5CS0VC75" failures="0" tests="8" name="Test" time="107.928" errors="0" timestamp="2024-12-23T18:20:29 IST">
  <testcase classname="testscripts.B_ValidateLogin" name="validateLoginTest1" time="1.238"/>
  <testcase classname="testscripts.B_ValidateLogin" name="validateLoginTest2" time="0.729"/>
  <testcase classname="testscripts.B_ValidateLogin" name="validateLoginTest3" time="0.817"/>
  <testcase classname="testscripts.B_ValidateLogin" name="validateLoginTest4" time="0.836"/>
  <testcase classname="testscripts.C_ValidateLoginDataProvider" name="validateLoginTest" time="1.53"/>
  <testcase classname="testscripts.C_ValidateLoginDataProvider" name="validateLoginTest" time="0.722"/>
  <testcase classname="testscripts.C_ValidateLoginDataProvider" name="validateLoginTest" time="0.803"/>
  <testcase classname="testscripts.C_ValidateLoginDataProvider" name="validateLoginTest" time="0.6"/>
  <testcase classname="base.BaseTest" name="@AfterTest closeReports" time="0.0">
    <ignored/>
  </testcase> <!-- @AfterTest closeReports -->
  <testcase classname="base.BaseTest" name="@BeforeTest filesRead" time="0.0">
    <ignored/>
  </testcase> <!-- @BeforeTest filesRead -->
</testsuite> <!-- Test -->
