<?xml version="1.0" encoding="UTF-8"?>
<testng-results ignored="0" total="8" passed="8" failed="0" skipped="0">
  <reporter-output>
  </reporter-output>
  <suite started-at="2024-12-23T18:18:41 IST" name="Suite" finished-at="2024-12-23T18:20:29 IST" duration-ms="107928">
    <groups>
    </groups>
    <test started-at="2024-12-23T18:18:41 IST" name="Test" finished-at="2024-12-23T18:20:29 IST" duration-ms="107928">
      <class name="testscripts.C_ValidateLoginDataProvider">
        <test-method is-config="true" signature="setUp(org.testng.ITestContext)[pri:0, instance:testscripts.C_ValidateLoginDataProvider@6e9a5ed8]" started-at="2024-12-23T18:19:36 IST" name="setUp" finished-at="2024-12-23T18:19:45 IST" duration-ms="9139" status="PASS">
          <params>
            <param index="0">
              <value>
                <![CDATA[org.testng.TestRunner@11b32a14]]>
              </value>
            </param>
          </params>
          <reporter-output>
          </reporter-output>
        </test-method> <!-- setUp -->
        <test-method signature="validateLoginTest(java.lang.String,java.lang.String,java.lang.String)[pri:0, instance:testscripts.C_ValidateLoginDataProvider@6e9a5ed8]" started-at="2024-12-23T18:19:45 IST" name="validateLoginTest" data-provider="getData" finished-at="2024-12-23T18:19:46 IST" duration-ms="1530" status="PASS">
          <params>
            <param index="0">
              <value>
                <![CDATA[yogesh6855]]>
              </value>
            </param>
            <param index="1">
              <value>
                <![CDATA[Target@2025]]>
              </value>
            </param>
            <param index="2">
              <value>
                <![CDATA[Adactin.com - Search Hotel]]>
              </value>
            </param>
          </params>
          <reporter-output>
          </reporter-output>
        </test-method> <!-- validateLoginTest -->
        <test-method is-config="true" signature="teardown()[pri:0, instance:testscripts.C_ValidateLoginDataProvider@6e9a5ed8]" started-at="2024-12-23T18:19:46 IST" name="teardown" finished-at="2024-12-23T18:19:50 IST" duration-ms="3260" status="PASS">
          <reporter-output>
          </reporter-output>
        </test-method> <!-- teardown -->
        <test-method is-config="true" signature="setUp(org.testng.ITestContext)[pri:0, instance:testscripts.C_ValidateLoginDataProvider@6e9a5ed8]" started-at="2024-12-23T18:19:50 IST" name="setUp" finished-at="2024-12-23T18:19:56 IST" duration-ms="6352" status="PASS">
          <params>
            <param index="0">
              <value>
                <![CDATA[org.testng.TestRunner@11b32a14]]>
              </value>
            </param>
          </params>
          <reporter-output>
          </reporter-output>
        </test-method> <!-- setUp -->
        <test-method signature="validateLoginTest(java.lang.String,java.lang.String,java.lang.String)[pri:0, instance:testscripts.C_ValidateLoginDataProvider@6e9a5ed8]" started-at="2024-12-23T18:19:56 IST" name="validateLoginTest" data-provider="getData" finished-at="2024-12-23T18:19:57 IST" duration-ms="722" status="PASS">
          <params>
            <param index="0">
              <value>
                <![CDATA[yogesh6855]]>
              </value>
            </param>
            <param index="1">
              <value>
                <![CDATA[reyaz456]]>
              </value>
            </param>
            <param index="2">
              <value>
                <![CDATA[Adactin.com - Hotel Reservation System]]>
              </value>
            </param>
          </params>
          <reporter-output>
          </reporter-output>
        </test-method> <!-- validateLoginTest -->
        <test-method is-config="true" signature="teardown()[pri:0, instance:testscripts.C_ValidateLoginDataProvider@6e9a5ed8]" started-at="2024-12-23T18:19:57 IST" name="teardown" finished-at="2024-12-23T18:20:00 IST" duration-ms="3201" status="PASS">
          <reporter-output>
          </reporter-output>
        </test-method> <!-- teardown -->
        <test-method is-config="true" signature="setUp(org.testng.ITestContext)[pri:0, instance:testscripts.C_ValidateLoginDataProvider@6e9a5ed8]" started-at="2024-12-23T18:20:00 IST" name="setUp" finished-at="2024-12-23T18:20:08 IST" duration-ms="7929" status="PASS">
          <params>
            <param index="0">
              <value>
                <![CDATA[org.testng.TestRunner@11b32a14]]>
              </value>
            </param>
          </params>
          <reporter-output>
          </reporter-output>
        </test-method> <!-- setUp -->
        <test-method signature="validateLoginTest(java.lang.String,java.lang.String,java.lang.String)[pri:0, instance:testscripts.C_ValidateLoginDataProvider@6e9a5ed8]" started-at="2024-12-23T18:20:08 IST" name="validateLoginTest" data-provider="getData" finished-at="2024-12-23T18:20:09 IST" duration-ms="803" status="PASS">
          <params>
            <param index="0">
              <value>
                <![CDATA[reyaz1245]]>
              </value>
            </param>
            <param index="1">
              <value>
                <![CDATA[Target@2025]]>
              </value>
            </param>
            <param index="2">
              <value>
                <![CDATA[Adactin.com - Hotel Reservation System]]>
              </value>
            </param>
          </params>
          <reporter-output>
          </reporter-output>
        </test-method> <!-- validateLoginTest -->
        <test-method is-config="true" signature="teardown()[pri:0, instance:testscripts.C_ValidateLoginDataProvider@6e9a5ed8]" started-at="2024-12-23T18:20:09 IST" name="teardown" finished-at="2024-12-23T18:20:12 IST" duration-ms="3249" status="PASS">
          <reporter-output>
          </reporter-output>
        </test-method> <!-- teardown -->
        <test-method is-config="true" signature="setUp(org.testng.ITestContext)[pri:0, instance:testscripts.C_ValidateLoginDataProvider@6e9a5ed8]" started-at="2024-12-23T18:20:12 IST" name="setUp" finished-at="2024-12-23T18:20:24 IST" duration-ms="12471" status="PASS">
          <params>
            <param index="0">
              <value>
                <![CDATA[org.testng.TestRunner@11b32a14]]>
              </value>
            </param>
          </params>
          <reporter-output>
          </reporter-output>
        </test-method> <!-- setUp -->
        <test-method signature="validateLoginTest(java.lang.String,java.lang.String,java.lang.String)[pri:0, instance:testscripts.C_ValidateLoginDataProvider@6e9a5ed8]" started-at="2024-12-23T18:20:24 IST" name="validateLoginTest" data-provider="getData" finished-at="2024-12-23T18:20:25 IST" duration-ms="600" status="PASS">
          <params>
            <param index="0">
              <value>
                <![CDATA[reyaz1245]]>
              </value>
            </param>
            <param index="1">
              <value>
                <![CDATA[reyaz456]]>
              </value>
            </param>
            <param index="2">
              <value>
                <![CDATA[Adactin.com - Hotel Reservation System]]>
              </value>
            </param>
          </params>
          <reporter-output>
          </reporter-output>
        </test-method> <!-- validateLoginTest -->
        <test-method is-config="true" signature="teardown()[pri:0, instance:testscripts.C_ValidateLoginDataProvider@6e9a5ed8]" started-at="2024-12-23T18:20:25 IST" name="teardown" finished-at="2024-12-23T18:20:28 IST" duration-ms="3385" status="PASS">
          <reporter-output>
          </reporter-output>
        </test-method> <!-- teardown -->
      </class> <!-- testscripts.C_ValidateLoginDataProvider -->
      <class name="testscripts.B_ValidateLogin">
        <test-method is-config="true" signature="filesRead()[pri:0, instance:testscripts.B_ValidateLogin@1caa0244]" started-at="2024-12-23T18:18:41 IST" name="filesRead" finished-at="2024-12-23T18:18:41 IST" duration-ms="350" status="PASS">
          <reporter-output>
          </reporter-output>
        </test-method> <!-- filesRead -->
        <test-method is-config="true" signature="setUp(org.testng.ITestContext)[pri:0, instance:testscripts.B_ValidateLogin@1caa0244]" started-at="2024-12-23T18:18:41 IST" name="setUp" finished-at="2024-12-23T18:18:50 IST" duration-ms="8380" status="PASS">
          <params>
            <param index="0">
              <value>
                <![CDATA[org.testng.TestRunner@11b32a14]]>
              </value>
            </param>
          </params>
          <reporter-output>
          </reporter-output>
        </test-method> <!-- setUp -->
        <test-method signature="validateLoginTest1()[pri:0, instance:testscripts.B_ValidateLogin@1caa0244]" started-at="2024-12-23T18:18:50 IST" name="validateLoginTest1" finished-at="2024-12-23T18:18:51 IST" duration-ms="1238" status="PASS">
          <reporter-output>
          </reporter-output>
        </test-method> <!-- validateLoginTest1 -->
        <test-method is-config="true" signature="teardown()[pri:0, instance:testscripts.B_ValidateLogin@1caa0244]" started-at="2024-12-23T18:18:51 IST" name="teardown" finished-at="2024-12-23T18:18:54 IST" duration-ms="3355" status="PASS">
          <reporter-output>
          </reporter-output>
        </test-method> <!-- teardown -->
        <test-method is-config="true" signature="setUp(org.testng.ITestContext)[pri:0, instance:testscripts.B_ValidateLogin@1caa0244]" started-at="2024-12-23T18:18:54 IST" name="setUp" finished-at="2024-12-23T18:19:02 IST" duration-ms="7280" status="PASS">
          <params>
            <param index="0">
              <value>
                <![CDATA[org.testng.TestRunner@11b32a14]]>
              </value>
            </param>
          </params>
          <reporter-output>
          </reporter-output>
        </test-method> <!-- setUp -->
        <test-method signature="validateLoginTest2()[pri:0, instance:testscripts.B_ValidateLogin@1caa0244]" started-at="2024-12-23T18:19:02 IST" name="validateLoginTest2" finished-at="2024-12-23T18:19:02 IST" duration-ms="729" status="PASS">
          <reporter-output>
          </reporter-output>
        </test-method> <!-- validateLoginTest2 -->
        <test-method is-config="true" signature="teardown()[pri:0, instance:testscripts.B_ValidateLogin@1caa0244]" started-at="2024-12-23T18:19:02 IST" name="teardown" finished-at="2024-12-23T18:19:05 IST" duration-ms="3196" status="PASS">
          <reporter-output>
          </reporter-output>
        </test-method> <!-- teardown -->
        <test-method is-config="true" signature="setUp(org.testng.ITestContext)[pri:0, instance:testscripts.B_ValidateLogin@1caa0244]" started-at="2024-12-23T18:19:05 IST" name="setUp" finished-at="2024-12-23T18:19:12 IST" duration-ms="6657" status="PASS">
          <params>
            <param index="0">
              <value>
                <![CDATA[org.testng.TestRunner@11b32a14]]>
              </value>
            </param>
          </params>
          <reporter-output>
          </reporter-output>
        </test-method> <!-- setUp -->
        <test-method signature="validateLoginTest3()[pri:0, instance:testscripts.B_ValidateLogin@1caa0244]" started-at="2024-12-23T18:19:12 IST" name="validateLoginTest3" finished-at="2024-12-23T18:19:13 IST" duration-ms="817" status="PASS">
          <reporter-output>
          </reporter-output>
        </test-method> <!-- validateLoginTest3 -->
        <test-method is-config="true" signature="teardown()[pri:0, instance:testscripts.B_ValidateLogin@1caa0244]" started-at="2024-12-23T18:19:13 IST" name="teardown" finished-at="2024-12-23T18:19:16 IST" duration-ms="3373" status="PASS">
          <reporter-output>
          </reporter-output>
        </test-method> <!-- teardown -->
        <test-method is-config="true" signature="setUp(org.testng.ITestContext)[pri:0, instance:testscripts.B_ValidateLogin@1caa0244]" started-at="2024-12-23T18:19:16 IST" name="setUp" finished-at="2024-12-23T18:19:32 IST" duration-ms="15231" status="PASS">
          <params>
            <param index="0">
              <value>
                <![CDATA[org.testng.TestRunner@11b32a14]]>
              </value>
            </param>
          </params>
          <reporter-output>
          </reporter-output>
        </test-method> <!-- setUp -->
        <test-method signature="validateLoginTest4()[pri:0, instance:testscripts.B_ValidateLogin@1caa0244]" started-at="2024-12-23T18:19:32 IST" name="validateLoginTest4" finished-at="2024-12-23T18:19:32 IST" duration-ms="836" status="PASS">
          <reporter-output>
          </reporter-output>
        </test-method> <!-- validateLoginTest4 -->
        <test-method is-config="true" signature="teardown()[pri:0, instance:testscripts.B_ValidateLogin@1caa0244]" started-at="2024-12-23T18:19:32 IST" name="teardown" finished-at="2024-12-23T18:19:36 IST" duration-ms="3261" status="PASS">
          <reporter-output>
          </reporter-output>
        </test-method> <!-- teardown -->
        <test-method is-config="true" signature="closeReports()[pri:0, instance:testscripts.B_ValidateLogin@1caa0244]" started-at="2024-12-23T18:20:28 IST" name="closeReports" finished-at="2024-12-23T18:20:29 IST" duration-ms="497" status="PASS">
          <reporter-output>
          </reporter-output>
        </test-method> <!-- closeReports -->
      </class> <!-- testscripts.B_ValidateLogin -->
    </test> <!-- Test -->
  </suite> <!-- Suite -->
</testng-results>
